[debug] [2024-01-18T12:15:27.359Z] ----------------------------------------------------------------------
[debug] [2024-01-18T12:15:27.362Z] Command:       C:\Program Files\nodejs\node.exe C:\Users\Hassan Hammoud\AppData\Roaming\npm\node_modules\firebase-tools\lib\bin\firebase.js emulators:start --only functions
[debug] [2024-01-18T12:15:27.362Z] CLI Version:   13.0.2
[debug] [2024-01-18T12:15:27.362Z] Platform:      win32
[debug] [2024-01-18T12:15:27.363Z] Node Version:  v20.3.0
[debug] [2024-01-18T12:15:27.363Z] Time:          Thu Jan 18 2024 14:15:27 GMT+0200 (Eastern European Standard Time)
[debug] [2024-01-18T12:15:27.363Z] ----------------------------------------------------------------------
[debug] 
[debug] [2024-01-18T12:15:27.482Z] > command requires scopes: ["email","openid","https://www.googleapis.com/auth/cloudplatformprojects.readonly","https://www.googleapis.com/auth/firebase","https://www.googleapis.com/auth/cloud-platform"]
[debug] [2024-01-18T12:15:27.482Z] > authorizing via signed-in user (hassanhammoud2000@gmail.com)
[info] i  emulators: Starting emulators: functions {"metadata":{"emulator":{"name":"hub"},"message":"Starting emulators: functions"}}
[debug] [2024-01-18T12:15:27.495Z] [logging] Logging Emulator only supports listening on one address (127.0.0.1). Not listening on ::1
[debug] [2024-01-18T12:15:27.495Z] assigned listening specs for emulators {"user":{"hub":[{"address":"127.0.0.1","family":"IPv4","port":4400},{"address":"::1","family":"IPv6","port":4400}],"ui":[{"address":"127.0.0.1","family":"IPv4","port":4000},{"address":"::1","family":"IPv6","port":4000}],"logging":[{"address":"127.0.0.1","family":"IPv4","port":4500}]},"metadata":{"message":"assigned listening specs for emulators"}}
[debug] [2024-01-18T12:15:27.504Z] [hub] writing locator at C:\Users\HASSAN~1\AppData\Local\Temp\hub-clone-2f7d1.json
[debug] [2024-01-18T12:15:27.524Z] [functions] Functions Emulator only supports listening on one address (127.0.0.1). Not listening on ::1
[debug] [2024-01-18T12:15:27.525Z] [eventarc] Eventarc Emulator only supports listening on one address (127.0.0.1). Not listening on ::1
[debug] [2024-01-18T12:15:27.525Z] late-assigned ports for functions and eventarc emulators {"user":{"hub":[{"address":"127.0.0.1","family":"IPv4","port":4400},{"address":"::1","family":"IPv6","port":4400}],"ui":[{"address":"127.0.0.1","family":"IPv4","port":4000},{"address":"::1","family":"IPv6","port":4000}],"logging":[{"address":"127.0.0.1","family":"IPv4","port":4500}],"functions":[{"address":"127.0.0.1","family":"IPv4","port":5001}],"eventarc":[{"address":"127.0.0.1","family":"IPv4","port":9299}]},"metadata":{"message":"late-assigned ports for functions and eventarc emulators"}}
[warn] !  functions: The following emulators are not running, calls to these services from the Functions emulator will affect production: auth, firestore, database, hosting, pubsub, storage {"metadata":{"emulator":{"name":"functions"},"message":"The following emulators are not running, calls to these services from the Functions emulator will affect production: \u001b[1mauth, firestore, database, hosting, pubsub, storage\u001b[22m"}}
[debug] [2024-01-18T12:15:27.528Z] defaultcredentials: writing to file C:\Users\Hassan Hammoud\AppData\Roaming\firebase\hassanhammoud2000_gmail_com_application_default_credentials.json
[debug] [2024-01-18T12:15:27.530Z] Setting GAC to C:\Users\Hassan Hammoud\AppData\Roaming\firebase\hassanhammoud2000_gmail_com_application_default_credentials.json {"metadata":{"emulator":{"name":"functions"},"message":"Setting GAC to C:\\Users\\Hassan Hammoud\\AppData\\Roaming\\firebase\\hassanhammoud2000_gmail_com_application_default_credentials.json"}}
[debug] [2024-01-18T12:15:27.532Z] >>> [apiv2][query] GET https://firebase.googleapis.com/v1beta1/projects/clone-2f7d1/adminSdkConfig [none]
[debug] [2024-01-18T12:15:37.624Z] <<< [apiv2][status] GET https://firebase.googleapis.com/v1beta1/projects/clone-2f7d1/adminSdkConfig 200
[debug] [2024-01-18T12:15:37.627Z] <<< [apiv2][body] GET https://firebase.googleapis.com/v1beta1/projects/clone-2f7d1/adminSdkConfig {"projectId":"clone-2f7d1","storageBucket":"clone-2f7d1.appspot.com"}
[debug] [2024-01-18T12:15:37.670Z] Ignoring unsupported arg: auto_download {"metadata":{"emulator":{"name":"ui"},"message":"Ignoring unsupported arg: auto_download"}}
[debug] [2024-01-18T12:15:37.671Z] Ignoring unsupported arg: port {"metadata":{"emulator":{"name":"ui"},"message":"Ignoring unsupported arg: port"}}
[debug] [2024-01-18T12:15:37.671Z] Starting Emulator UI with command {"binary":"node","args":["C:\\Users\\Hassan Hammoud\\.cache\\firebase\\emulators\\ui-v1.11.7\\server\\server.js"],"optionalArgs":[],"joinArgs":false} {"metadata":{"emulator":{"name":"ui"},"message":"Starting Emulator UI with command {\"binary\":\"node\",\"args\":[\"C:\\\\Users\\\\Hassan Hammoud\\\\.cache\\\\firebase\\\\emulators\\\\ui-v1.11.7\\\\server\\\\server.js\"],\"optionalArgs\":[],\"joinArgs\":false}"}}
[info] i  ui: Emulator UI logging to ui-debug.log {"metadata":{"emulator":{"name":"ui"},"message":"Emulator UI logging to \u001b[1mui-debug.log\u001b[22m"}}
[debug] [2024-01-18T12:15:37.785Z] Web / API server started at 127.0.0.1:4000
 {"metadata":{"emulator":{"name":"ui"},"message":"Web / API server started at 127.0.0.1:4000\n"}}
[debug] [2024-01-18T12:15:37.786Z] Web / API server started at ::1:4000
 {"metadata":{"emulator":{"name":"ui"},"message":"Web / API server started at ::1:4000\n"}}
[info] i  functions: Watching "C:\Users\Hassan Hammoud\Desktop\amazon-clone\functions" for Cloud Functions... {"metadata":{"emulator":{"name":"functions"},"message":"Watching \"C:\\Users\\Hassan Hammoud\\Desktop\\amazon-clone\\functions\" for Cloud Functions..."}}
[debug] [2024-01-18T12:15:37.970Z] Validating nodejs source
[debug] [2024-01-18T12:15:48.017Z] checkFunctionsSDKVersion was unable to fetch information from NPM Error: spawnSync C:\Windows\system32\cmd.exe ETIMEDOUT
    at Object.spawnSync (node:internal/child_process:1117:20)
    at Object.spawnSync (node:child_process:871:24)
    at Function.spawnSync [as sync] (C:\Users\Hassan Hammoud\AppData\Roaming\npm\node_modules\firebase-tools\node_modules\cross-spawn\index.js:26:23)
    at Object.getLatestSDKVersion (C:\Users\Hassan Hammoud\AppData\Roaming\npm\node_modules\firebase-tools\lib\deploy\functions\runtimes\node\versioning.js:54:25)
    at Object.checkFunctionsSDKVersion (C:\Users\Hassan Hammoud\AppData\Roaming\npm\node_modules\firebase-tools\lib\deploy\functions\runtimes\node\versioning.js:74:32)
    at Delegate.validate (C:\Users\Hassan Hammoud\AppData\Roaming\npm\node_modules\firebase-tools\lib\deploy\functions\runtimes\node\index.js:84:20)
    at FunctionsEmulator.discoverTriggers (C:\Users\Hassan Hammoud\AppData\Roaming\npm\node_modules\firebase-tools\lib\emulator\functionsEmulator.js:296:35)
    at async FunctionsEmulator.loadTriggers (C:\Users\Hassan Hammoud\AppData\Roaming\npm\node_modules\firebase-tools\lib\emulator\functionsEmulator.js:325:34)
    at async FunctionsEmulator.connect (C:\Users\Hassan Hammoud\AppData\Roaming\npm\node_modules\firebase-tools\lib\emulator\functionsEmulator.js:262:13)
    at async Object.startAll (C:\Users\Hassan Hammoud\AppData\Roaming\npm\node_modules\firebase-tools\lib\emulator\controller.js:566:13)
[debug] [2024-01-18T12:15:48.020Z] > [functions] package.json contents: {
  "name": "functions",
  "description": "Cloud Functions for Firebase",
  "scripts": {
    "lint": "eslint .",
    "serve": "firebase emulators:start --only functions",
    "shell": "firebase functions:shell",
    "start": "npm run shell",
    "deploy": "firebase deploy --only functions",
    "logs": "firebase functions:log"
  },
  "engines": {
    "node": "18"
  },
  "main": "index.js",
  "dependencies": {
    "cors": "^2.8.5",
    "express": "^4.18.2",
    "firebase-admin": "^11.8.0",
    "firebase-functions": "^4.3.1",
    "stripe": "^14.12.0"
  },
  "devDependencies": {
    "eslint": "^8.15.0",
    "eslint-config-google": "^0.14.0",
    "firebase-functions-test": "^3.1.0"
  },
  "private": true
}
[debug] [2024-01-18T12:15:48.022Z] Building nodejs source
[debug] [2024-01-18T12:15:48.025Z] Failed to find version of module node: reached end of search path C:\Users\Hassan Hammoud\Desktop\amazon-clone\functions\node_modules
[warn] !  functions: Your requested "node" version "18" doesn't match your global version "20". Using node@20 from host. 
[info] i  functions: Loaded environment variables from .env. 
[debug] [2024-01-18T12:15:48.045Z] Could not find functions.yaml. Must use http discovery
[debug] [2024-01-18T12:15:48.085Z] Found firebase-functions binary at 'C:\Users\Hassan Hammoud\Desktop\amazon-clone\functions\node_modules\.bin\firebase-functions'
